<?xml version="1.0" encoding="UTF-8"?>
<!-- Generated by org.testng.reporters.JUnitReportReporter -->
<testsuite hostname="BDC11-L-115FVQ7" failures="0" tests="1" name="Testcases.Tc_Login" time="0.472" errors="0" timestamp="2024-12-27T09:21:46 IST" skipped="0">
  <testcase classname="Testcases.Tc_Login" name="login" time="0.472"/>
</testsuite> <!-- Testcases.Tc_Login -->
