<?xml version="1.0" encoding="UTF-8"?>
<!-- Generated by org.testng.reporters.JUnitReportReporter -->
<testsuite hostname="BDC11-L-115FVQ7" failures="0" tests="2" name="Testcases.Tc_login_and_logout" time="0.651" errors="0" timestamp="2024-12-30T15:09:05 IST" skipped="0">
  <testcase classname="Testcases.Tc_login_and_logout" name="login" time="0.398"/>
  <testcase classname="Testcases.Tc_login_and_logout" name="logout" time="0.253"/>
</testsuite> <!-- Testcases.Tc_login_and_logout -->
