<?xml version="1.0" encoding="UTF-8"?>
<!-- Generated by org.testng.reporters.JUnitReportReporter -->
<testsuite hostname="BDC11-L-115FVQ7" failures="0" tests="11" name="Testcases.Tc_E2E" time="1.964" errors="0" timestamp="2024-12-30T15:09:05 IST" skipped="0">
  <testcase classname="Testcases.Tc_E2E" name="login" time="0.387"/>
  <testcase classname="Testcases.Tc_E2E" name="sort" time="0.146"/>
  <testcase classname="Testcases.Tc_E2E" name="addingitemstocart" time="0.467"/>
  <testcase classname="Testcases.Tc_E2E" name="visiblequantityonicon" time="0.030"/>
  <testcase classname="Testcases.Tc_E2E" name="clickoncart" time="0.084"/>
  <testcase classname="Testcases.Tc_E2E" name="itemscheckoncartpage" time="0.042"/>
  <testcase classname="Testcases.Tc_E2E" name="clickoncheckout" time="0.069"/>
  <testcase classname="Testcases.Tc_E2E" name="addinginfooncheckoutpage" time="0.322"/>
  <testcase classname="Testcases.Tc_E2E" name="capturingtotalprice" time="0.097"/>
  <testcase classname="Testcases.Tc_E2E" name="displaymessagecheck" time="0.094"/>
  <testcase classname="Testcases.Tc_E2E" name="logout" time="0.226"/>
</testsuite> <!-- Testcases.Tc_E2E -->
