<?xml version="1.0" encoding="UTF-8"?>
<!-- Generated by org.testng.reporters.JUnitReportReporter -->
<testsuite hostname="BDC11-L-115FVQ7" failures="0" tests="2" name="Testcases.Tc_login_and_logout" time="1.277" errors="0" timestamp="2024-12-31T08:29:32 IST" skipped="0">
  <testcase classname="Testcases.Tc_login_and_logout" name="login" time="0.877"/>
  <testcase classname="Testcases.Tc_login_and_logout" name="logout" time="0.400"/>
</testsuite> <!-- Testcases.Tc_login_and_logout -->
