<?xml version="1.0" encoding="UTF-8"?>
<!-- Generated by org.testng.reporters.JUnitReportReporter -->
<testsuite hostname="BDC11-L-115FVQ7" failures="0" tests="11" name="Testcases.Tc_E2E" time="2.974" errors="0" timestamp="2024-12-31T08:29:32 IST" skipped="0">
  <testcase classname="Testcases.Tc_E2E" name="login" time="0.575"/>
  <testcase classname="Testcases.Tc_E2E" name="sort" time="0.235"/>
  <testcase classname="Testcases.Tc_E2E" name="addingitemstocart" time="0.787"/>
  <testcase classname="Testcases.Tc_E2E" name="visiblequantityonicon" time="0.042"/>
  <testcase classname="Testcases.Tc_E2E" name="clickoncart" time="0.096"/>
  <testcase classname="Testcases.Tc_E2E" name="itemscheckoncartpage" time="0.039"/>
  <testcase classname="Testcases.Tc_E2E" name="clickoncheckout" time="0.106"/>
  <testcase classname="Testcases.Tc_E2E" name="addinginfooncheckoutpage" time="0.484"/>
  <testcase classname="Testcases.Tc_E2E" name="capturingtotalprice" time="0.159"/>
  <testcase classname="Testcases.Tc_E2E" name="displaymessagecheck" time="0.151"/>
  <testcase classname="Testcases.Tc_E2E" name="logout" time="0.300"/>
</testsuite> <!-- Testcases.Tc_E2E -->
