<?xml version="1.0" encoding="UTF-8"?>
<!-- Generated by org.testng.reporters.JUnitReportReporter -->
<testsuite hostname="BDC11-L-115FVQ7" failures="0" tests="1" name="Testcases.Tc_loginwithinvalidcreds" time="0.460" errors="0" timestamp="2024-12-31T08:29:32 IST" skipped="0">
  <testcase classname="Testcases.Tc_loginwithinvalidcreds" name="loginwithinvalidcredentials" time="0.460"/>
</testsuite> <!-- Testcases.Tc_loginwithinvalidcreds -->
